#
# A fatal error has been detected by the Java Runtime Environment:
#
#  EXCEPTION_ACCESS_VIOLATION (0xc0000005) at pc=0x00007ff8852fc1b4, pid=19488, tid=10888
#
# JRE version: OpenJDK Runtime Environment Temurin-21.0.8+9 (21.0.8+9) (build 21.0.8+9-LTS)
# Java VM: OpenJDK 64-Bit Server VM Temurin-21.0.8+9 (21.0.8+9-LTS, mixed mode, sharing, tiered, compressed oops, compressed class ptrs, parallel gc, windows-amd64)
# Problematic frame:
# V  [jvm.dll+0x6dc1b4]
#
# No core dump will be written. Minidumps are not enabled by default on client versions of Windows
#
# If you would like to submit a bug report, please visit:
#   https://github.com/adoptium/adoptium-support/issues
#

---------------  S U M M A R Y ------------

Command Line: --add-modules=ALL-SYSTEM --add-opens=java.base/java.util=ALL-UNNAMED --add-opens=java.base/java.lang=ALL-UNNAMED --add-opens=java.base/sun.nio.fs=ALL-UNNAMED -Declipse.application=org.eclipse.jdt.ls.core.id1 -Dosgi.bundles.defaultStartLevel=4 -Declipse.product=org.eclipse.jdt.ls.core.product -Djava.import.generatesMetadataFilesAtProjectRoot=false -DDetectVMInstallationsJob.disabled=true -Dfile.encoding=utf8 -XX:+UseParallelGC -XX:GCTimeRatio=4 -XX:AdaptiveSizePolicyWeight=90 -Dsun.zip.disableMemoryMapping=true -Xmx2G -Xms100m -Xlog:disable -javaagent:c:\Users\Dhulmini\.vscode\extensions\redhat.java-1.44.0-win32-x64\lombok\lombok-1.18.39-4050.jar -XX:+HeapDumpOnOutOfMemoryError -XX:HeapDumpPath=c:\Users\Dhulmini\AppData\Roaming\Code\User\workspaceStorage\3b37800f71301740954144dc5b3afdfa\redhat.java -Daether.dependencyCollector.impl=bf c:\Users\Dhulmini\.vscode\extensions\redhat.java-1.44.0-win32-x64\server\plugins\org.eclipse.equinox.launcher_1.7.0.v20250519-0528.jar -configuration c:\Users\Dhulmini\AppData\Roaming\Code\User\globalStorage\redhat.java\1.44.0\config_win -data c:\Users\Dhulmini\AppData\Roaming\Code\User\workspaceStorage\3b37800f71301740954144dc5b3afdfa\redhat.java\jdt_ws --pipe=\\.\pipe\lsp-bb069be0e256d4f72dba66981a8f3c5c-sock

Host: Intel(R) Core(TM) i3-7130U CPU @ 2.70GHz, 4 cores, 11G,  Windows 10 , 64 bit Build 19041 (10.0.19041.5915)
Time: Wed Aug 20 13:28:16 2025 Sri Lanka Standard Time elapsed time: 94884.691167 seconds (1d 2h 21m 24s)

---------------  T H R E A D  ---------------

Current thread (0x000001fb6d56bf00):  WorkerThread "GC Thread#0"    [id=10888, stack(0x000000735c100000,0x000000735c200000) (1024K)]

Stack: [0x000000735c100000,0x000000735c200000],  sp=0x000000735c1ff470,  free space=1021k
Native frames: (J=compiled Java code, j=interpreted, Vv=VM code, C=native code)
V  [jvm.dll+0x6dc1b4]
V  [jvm.dll+0x6dca7e]
V  [jvm.dll+0x707513]
V  [jvm.dll+0x706c08]
V  [jvm.dll+0x70b09d]
V  [jvm.dll+0x8620cf]
V  [jvm.dll+0x70ea13]
V  [jvm.dll+0x8dc2e7]
V  [jvm.dll+0x857e6b]
V  [jvm.dll+0x6d0b0d]
C  [ucrtbase.dll+0x21bb2]
C  [KERNEL32.DLL+0x17374]
C  [ntdll.dll+0x4cc91]


siginfo: EXCEPTION_ACCESS_VIOLATION (0xc0000005), reading address 0xffffffffffffffff


Registers:
RAX=0x1ffffffff0002000, RBX=0x0000000000010000, RCX=0x0000000000000000, RDX=0x000001fb00000000
RSP=0x000000735c1ff470, RBP=0x000000735c1ff520, RSI=0x0000000082207918, RDI=0x000001fb7fe8b160
R8 =0x007fffffffc00080, R9 =0x0000000000000002, R10=0x0000000000000041, R11=0x0000000000000004
R12=0x00007ff88585f250, R13=0x000000735c1ff6c8, R14=0x000001fb053426e0, R15=0x00000000822078f8
RIP=0x00007ff8852fc1b4, EFLAGS=0x0000000000010202

XMM[0]=0x00007ff800000800 0x00000000822dbc18
XMM[1]=0x0000000000000000 0x000000735e2ff240
XMM[2]=0x0000000000000000 0x0000000000000000
XMM[3]=0x0000000000000000 0x0000000000000000
XMM[4]=0x0000000000000000 0x0000000000000000
XMM[5]=0x0000000000000000 0x0000000000000000
XMM[6]=0x0000000000000000 0x0000000000000000
XMM[7]=0x0000000000000000 0x0000000000000000
XMM[8]=0x0000000000000000 0x0000000000000000
XMM[9]=0x0000000000000000 0x0000000000000000
XMM[10]=0x0000000000000000 0x0000000000000000
XMM[11]=0x0000000000000000 0x0000000000000000
XMM[12]=0x0000000000000000 0x0000000000000000
XMM[13]=0x0000000000000000 0x0000000000000000
XMM[14]=0x0000000000000000 0x0000000000000000
XMM[15]=0x0000000000000000 0x0000000000000000
  MXCSR=0x00001fa0


Register to memory mapping:

RAX=0x1ffffffff0002000 is an unknown value
RBX=0x0000000000010000 is an unknown value
RCX=0x0 is null
RDX=0x000001fb00000000 points into unknown readable memory: 0x24a4940020010001 | 01 00 01 20 00 94 a4 24
RSP=0x000000735c1ff470 points into unknown readable memory: 0x000001fb4f15a478 | 78 a4 15 4f fb 01 00 00
RBP=0x000000735c1ff520 points into unknown readable memory: 0x00007ff8856b1be0 | e0 1b 6b 85 f8 7f 00 00
RSI=0x0000000082207918 is an oop: org.eclipse.sisu.space.NamedClass 
{0x0000000082207918} - klass: 'org/eclipse/sisu/space/NamedClass'
 - ---- fields (total size 3 words):
 - private 'injector' 'Lcom/google/inject/Injector;' @12  a 'com/google/inject/internal/InjectorImpl'{0x000000008221bde0} (0x8221bde0)
 - private final 'space' 'Lorg/eclipse/sisu/space/ClassSpace;' @16  a 'org/eclipse/sisu/space/URLClassSpace'{0x00000000821eb368} (0x821eb368)
 - private final 'name' 'Ljava/lang/String;' @20  "org.apache.maven.plugin.version.internal.DefaultPluginVersionResolver"{0x0000000080e0be30} (0x80e0be30)
RDI=0x000001fb7fe8b160 points into unknown readable memory: 0x000001fb6b2b0150 | 50 01 2b 6b fb 01 00 00
R8 =0x007fffffffc00080 is an unknown value
R9 =0x0000000000000002 is an unknown value
R10=0x0000000000000041 is an unknown value
R11=0x0000000000000004 is an unknown value
R12=0x00007ff88585f250 jvm.dll
R13=0x000000735c1ff6c8 points into unknown readable memory: 0x00007ff8856b2630 | 30 26 6b 85 f8 7f 00 00
R14=0x000001fb053426e0 is a pointer to class: 
com.google.inject.internal.ProvidesMethodScanner {0x000001fb053426e8}
 - instance size:     2
 - klass size:        67
 - access:            final synchronized 
 - flags:             rewritten should_verify_class has_localvariable_table has_vanilla_constructor 
 - state:             fully_initialized
 - name:              'com/google/inject/internal/ProvidesMethodScanner'
 - super:             'com/google/inject/spi/ModuleAnnotatedMethodScanner'
 - sub:               
 - arrays:            null
 - methods:           Array<T>(0x000001fb47a549d0)
 - method ordering:   Array<T>(0x000001fb04a81838)
 - local interfaces:  Array<T>(0x000001fb04611630)
 - trans. interfaces: Array<T>(0x000001fb04611630)
 - secondary supers: Array<T>(0x000001fb04611180)
 - hash_slot:         13
 - bitmap:            0x0000000000000000
 - constants:         constant pool [275] {0x000001fb47a54008} for 'com/google/inject/internal/ProvidesMethodScanner' cache=0x000001fb47a55b08
 - class loader data:  loader data: 0x000001fb4c5b0840 for instance a 'org/eclipse/osgi/internal/loader/EquinoxClassLoader'{0x00000000805a9780}
 - source file:       'ProvidesMethodScanner.java'
 - inner classes:     Array<T>(0x000001fb47a55038)
 - nest members:     Array<T>(0x000001fb046115b8)
 - permitted subclasses:     Array<T>(0x000001fb046115b8)
 - java mirror:       a 'java/lang/Class'{0x0000000080da8b28} = 'com/google/inject/internal/ProvidesMethodScanner'
 - vtable length      7  (start addr: 0x000001fb053428b0)
 - itable length      2 (start addr: 0x000001fb053428e8)
 - ---- static fields (1 words):
 - static final 'INSTANCE' 'Lcom/google/inject/internal/ProvidesMethodScanner;' @112 
 - private static final 'ANNOTATIONS' 'Lcom/google/common/collect/ImmutableSet;' @116 
 - ---- non-static fields (0 words):
 - non-static oop maps: 
R15=0x00000000822078f8 is an oop: com.google.inject.spi.ElementSource 
{0x00000000822078f8} - klass: 'com/google/inject/spi/ElementSource'
 - ---- fields (total size 4 words):
 - final 'trustedOriginalElementSource' 'Z' @12  false (0x00)
 - final 'originalElementSource' 'Lcom/google/inject/spi/ElementSource;' @16  
[error occurred during error reporting (printing register info), id 0xc0000005, EXCEPTION_ACCESS_VIOLATION (0xc0000005) at pc=0x00007ff8852dd2cd]

Top of Stack: (sp=0x000000735c1ff470)
0x000000735c1ff470:   000001fb4f15a478 00007ff8852fea7a
0x000000735c1ff480:   0000000082282b60 0000000082282b58
0x000000735c1ff490:   000001fb053426d8 00007ff8852fca7e
0x000000735c1ff4a0:   0000000082207908 00007ff885326a48
0x000000735c1ff4b0:   0000000000000000 00007ff88585f250
0x000000735c1ff4c0:   00007ff8856b1be0 0000000000000000
0x000000735c1ff4d0:   00000000822078f8 00007ff885327513
0x000000735c1ff4e0:   0000000000006b39 000001fb7fe8b160
0x000000735c1ff4f0:   00007ff8856107b0 0000000000000000
0x000000735c1ff500:   0000000000000000 0000000000000000
0x000000735c1ff510:   0000000000000000 0000000000000000
0x000000735c1ff520:   00007ff8856b1be0 000001fb6b2eaed0
0x000000735c1ff530:   0000000000000004 000001fb7fe8b160
0x000000735c1ff540:   000001fb4c387060 000001fb6d566b78
0x000000735c1ff550:   00000000000003d8 0000000000000000
0x000000735c1ff560:   000001fb6d566790 00007ff885326c08
0x000000735c1ff570:   000001fb4c387060 000000735c1ff5f0
0x000000735c1ff580:   000001fb6d5446d0 000001fb7fe8b160
0x000000735c1ff590:   000000735c1ff5e0 000000735c1ff5f0
0x000000735c1ff5a0:   0000000000000000 0000000000000000
0x000000735c1ff5b0:   000001fb6d5667a0 00007ff88532b09d
0x000000735c1ff5c0:   000001fb7fe8b160 000001fb6d566790
0x000000735c1ff5d0:   000001fb6d5446d0 000001fb7fe8b160
0x000000735c1ff5e0:   00007ff8856b2450 000001fb7fe8b160
0x000000735c1ff5f0:   00007ff88564f048 000000735c1ff5e0
0x000000735c1ff600:   0000000000000000 000001fb7fe8b101
0x000000735c1ff610:   0000000000000001 000001fb4c387060
0x000000735c1ff620:   000000735c3fedb0 000001fb7fe8b160
0x000000735c1ff630:   000001fb4b2abc48 00007ff8854820cf
0x000000735c1ff640:   000001fb4b2abc20 0000000000002228
0x000000735c1ff650:   000000735c1ff6c8 000001fb7fe8b160
0x000000735c1ff660:   0000000000000000 00007ff800000000 

Instructions: (pc=0x00007ff8852fc1b4)
0x00007ff8852fc0b4:   84 9a 00 00 00 48 8b 15 b0 e0 5d 00 48 8b c3 8b
0x00007ff8852fc0c4:   0d e3 50 55 00 48 2b 02 48 8b 52 10 48 c1 e8 03
0x00007ff8852fc0d4:   48 d3 e8 4c 8b c0 24 3f 49 c1 e8 06 0f b6 c8 4a
0x00007ff8852fc0e4:   8b 04 c2 48 0f a3 c8 72 66 48 8b cb e8 9b 28 00
0x00007ff8852fc0f4:   00 84 c0 74 5a 48 8b d3 48 8b cf e8 ac 2a 00 00
0x00007ff8852fc104:   80 3d e6 f0 5d 00 00 74 46 80 3d 5b 54 55 00 00
0x00007ff8852fc114:   74 15 8b 43 08 8b 0d 19 3f 55 00 48 d3 e0 48 03
0x00007ff8852fc124:   05 07 3f 55 00 eb 04 48 8b 43 08 48 3b 05 92 dd
0x00007ff8852fc134:   5f 00 75 1b 48 8b cb e8 90 23 00 00 84 c0 74 0f
0x00007ff8852fc144:   48 8d 8f 80 08 00 00 48 8b d3 e8 ad fa 0c 00 48
0x00007ff8852fc154:   8b 5c 24 30 48 83 c4 20 5f c3 cc cc 40 57 48 83
0x00007ff8852fc164:   ec 20 8b 02 48 8b f9 85 c0 0f 84 bb 00 00 00 8b
0x00007ff8852fc174:   0d af 3e 55 00 48 8b 15 f0 df 5d 00 48 89 5c 24
0x00007ff8852fc184:   30 8b d8 48 d3 e3 48 03 1d 8f 3e 55 00 8b 0d 15
0x00007ff8852fc194:   50 55 00 48 8b c3 48 2b 02 48 8b 52 10 48 c1 e8
0x00007ff8852fc1a4:   03 48 d3 e8 4c 8b c0 24 3f 49 c1 e8 06 0f b6 c8
0x00007ff8852fc1b4:   4a 8b 04 c2 48 0f a3 c8 72 6b 48 8b cb e8 ca 27
0x00007ff8852fc1c4:   00 00 84 c0 74 5f 48 8b d3 48 8b cf e8 db 29 00
0x00007ff8852fc1d4:   00 80 3d 15 f0 5d 00 00 74 4b 48 85 db 74 46 80
0x00007ff8852fc1e4:   3d 85 53 55 00 00 74 15 8b 43 08 8b 0d 43 3e 55
0x00007ff8852fc1f4:   00 48 d3 e0 48 03 05 31 3e 55 00 eb 04 48 8b 43
0x00007ff8852fc204:   08 48 3b 05 bc dc 5f 00 75 1b 48 8b cb e8 ba 22
0x00007ff8852fc214:   00 00 84 c0 74 0f 48 8d 8f 80 08 00 00 48 8b d3
0x00007ff8852fc224:   e8 d7 f9 0c 00 48 8b 5c 24 30 48 83 c4 20 5f c3
0x00007ff8852fc234:   cc cc cc cc cc cc cc cc cc cc cc cc 48 89 5c 24
0x00007ff8852fc244:   18 56 57 41 55 41 56 41 57 48 83 ec 20 4c 63 91
0x00007ff8852fc254:   ac 00 00 00 4d 8b f0 4c 63 89 24 01 00 00 49 83
0x00007ff8852fc264:   c2 3a 8b 81 20 01 00 00 4d 03 d1 48 89 6c 24 50
0x00007ff8852fc274:   49 03 c2 4c 89 64 24 58 4c 8b fa 4c 8b e9 4a 8d
0x00007ff8852fc284:   2c d5 00 00 00 00 4c 8d 24 c5 00 00 00 00 48 03
0x00007ff8852fc294:   e9 4c 03 e1 49 3b ec 73 4b 0f 1f 00 48 63 5d 00
0x00007ff8852fc2a4:   8b 45 04 49 03 df 48 8d 34 c3 48 3b de 73 2c 48 


Stack slot to memory mapping:

stack at sp + 0 slots: 0x000001fb4f15a478 points into unknown readable memory: 0x000000008225e278 | 78 e2 25 82 00 00 00 00
stack at sp + 1 slots: 0x00007ff8852fea7a jvm.dll
stack at sp + 2 slots: 0x0000000082282b60 is an oop: org.eclipse.sisu.plexus.ProvidedPropertyBinding 
{0x0000000082282b60} - klass: 'org/eclipse/sisu/plexus/ProvidedPropertyBinding'
 - ---- fields (total size 3 words):
 - private final 'property' 'Lorg/eclipse/sisu/bean/BeanProperty;' @12  a 'org/eclipse/sisu/bean/BeanPropertyField'{0x0000000082282b78} (0x82282b78)
 - private final 'provider' 'Ljavax/inject/Provider;' @16  a 'org/eclipse/sisu/plexus/PlexusRequirements$RequirementProvider'{0x0000000082282bd0} (0x82282bd0)
stack at sp + 3 slots: 0x0000000082282b58 is pointing into object: [Lorg.eclipse.sisu.bean.PropertyBinding; 
{0x0000000082282b48} - klass: 'org/eclipse/sisu/bean/PropertyBinding'[]
 - length: 1
stack at sp + 4 slots: 0x000001fb053426d8 is pointing into metadata
stack at sp + 5 slots: 0x00007ff8852fca7e jvm.dll
stack at sp + 6 slots: 0x0000000082207908 is pointing into object: com.google.inject.spi.ElementSource 
{0x00000000822078f8} - klass: 'com/google/inject/spi/ElementSource'
 - ---- fields (total size 4 words):
 - final 'trustedOriginalElementSource' 'Z' @12  false (0x00)
 - final 'originalElementSource' 'Lcom/google/inject/spi/ElementSource;' @16  
[error occurred during error reporting (inspecting top of stack), id 0xc0000005, EXCEPTION_ACCESS_VIOLATION (0xc0000005) at pc=0x00007ff8852dd2cd]
stack at sp + 7 slots: 0x00007ff885326a48 jvm.dll


---------------  P R O C E S S  ---------------

Threads class SMR info:
_java_thread_list=0x000001fb4afac240, length=43, elements={
0x000001fb6b2e4620, 0x000001fb7ff29810, 0x000001fb7ff2b110, 0x000001fb7ff2c020,
0x000001fb7ff2d920, 0x000001fb7ff2f6e0, 0x000001fb7ff323c0, 0x000001fb7ff331f0,
0x000001fb7ffa8120, 0x000001fb7ffef430, 0x000001fb45e25c30, 0x000001fb4a57f650,
0x000001fb4a5f1fe0, 0x000001fb4a14ae60, 0x000001fb45f8ac00, 0x000001fb4a0b8a20,
0x000001fb4af4f3b0, 0x000001fb4a6ccea0, 0x000001fb4a6cc180, 0x000001fb4a6ce250,
0x000001fb4a6cc810, 0x000001fb4cee0200, 0x000001fb4cedcd80, 0x000001fb4cee15b0,
0x000001fb4cee2960, 0x000001fb4cee2ff0, 0x000001fb4cee3680, 0x000001fb4cedfb70,
0x000001fb4c389e50, 0x000001fb4a7652e0, 0x000001fb4a766d20, 0x000001fb4a7680d0,
0x000001fb4a769b10, 0x000001fb4c38bf20, 0x000001fb4c38ab70, 0x000001fb4c3876f0,
0x000001fb4c38d960, 0x000001fb4c38b200, 0x000001fb4c387060, 0x000001fb4c388aa0,
0x000001fb4cee0f20, 0x000001fb4cedd410, 0x000001fb4cede130
}

Java Threads: ( => current thread )
  0x000001fb6b2e4620 JavaThread "main"                              [_thread_blocked, id=5840, stack(0x000000735c000000,0x000000735c100000) (1024K)]
  0x000001fb7ff29810 JavaThread "Reference Handler"          daemon [_thread_blocked, id=8236, stack(0x000000735c400000,0x000000735c500000) (1024K)]
  0x000001fb7ff2b110 JavaThread "Finalizer"                  daemon [_thread_blocked, id=1244, stack(0x000000735c500000,0x000000735c600000) (1024K)]
  0x000001fb7ff2c020 JavaThread "Signal Dispatcher"          daemon [_thread_blocked, id=3668, stack(0x000000735c600000,0x000000735c700000) (1024K)]
  0x000001fb7ff2d920 JavaThread "Attach Listener"            daemon [_thread_blocked, id=16004, stack(0x000000735c700000,0x000000735c800000) (1024K)]
  0x000001fb7ff2f6e0 JavaThread "Service Thread"             daemon [_thread_blocked, id=7804, stack(0x000000735c800000,0x000000735c900000) (1024K)]
  0x000001fb7ff323c0 JavaThread "Monitor Deflation Thread"   daemon [_thread_blocked, id=9588, stack(0x000000735c900000,0x000000735ca00000) (1024K)]
  0x000001fb7ff331f0 JavaThread "C2 CompilerThread0"         daemon [_thread_blocked, id=17880, stack(0x000000735ca00000,0x000000735cb00000) (1024K)]
  0x000001fb7ffa8120 JavaThread "C1 CompilerThread0"         daemon [_thread_blocked, id=15804, stack(0x000000735cb00000,0x000000735cc00000) (1024K)]
  0x000001fb7ffef430 JavaThread "Common-Cleaner"             daemon [_thread_blocked, id=8084, stack(0x000000735cc00000,0x000000735cd00000) (1024K)]
  0x000001fb45e25c30 JavaThread "Notification Thread"        daemon [_thread_blocked, id=17256, stack(0x000000735ce00000,0x000000735cf00000) (1024K)]
  0x000001fb4a57f650 JavaThread "Active Thread: Equinox Container: 84f2f3bc-fb2d-4d0c-93b9-515ea719c18e"        [_thread_blocked, id=4548, stack(0x000000735d200000,0x000000735d300000) (1024K)]
  0x000001fb4a5f1fe0 JavaThread "Refresh Thread: Equinox Container: 84f2f3bc-fb2d-4d0c-93b9-515ea719c18e" daemon [_thread_blocked, id=15400, stack(0x000000735cd00000,0x000000735ce00000) (1024K)]
  0x000001fb4a14ae60 JavaThread "Framework Event Dispatcher: Equinox Container: 84f2f3bc-fb2d-4d0c-93b9-515ea719c18e" daemon [_thread_blocked, id=19472, stack(0x000000735d300000,0x000000735d400000) (1024K)]
  0x000001fb45f8ac00 JavaThread "Start Level: Equinox Container: 84f2f3bc-fb2d-4d0c-93b9-515ea719c18e" daemon [_thread_blocked, id=13520, stack(0x000000735d400000,0x000000735d500000) (1024K)]
  0x000001fb4a0b8a20 JavaThread "Bundle File Closer"         daemon [_thread_blocked, id=20112, stack(0x000000735d500000,0x000000735d600000) (1024K)]
  0x000001fb4af4f3b0 JavaThread "SCR Component Actor"        daemon [_thread_blocked, id=14176, stack(0x000000735d600000,0x000000735d700000) (1024K)]
  0x000001fb4a6ccea0 JavaThread "Worker-JM"                         [_thread_blocked, id=2096, stack(0x000000735d800000,0x000000735d900000) (1024K)]
  0x000001fb4a6cc180 JavaThread "JNA Cleaner"                daemon [_thread_blocked, id=7212, stack(0x000000735d900000,0x000000735da00000) (1024K)]
  0x000001fb4a6ce250 JavaThread "Java indexing"              daemon [_thread_blocked, id=15468, stack(0x000000735de00000,0x000000735df00000) (1024K)]
  0x000001fb4a6cc810 JavaThread "Thread-2"                   daemon [_thread_in_native, id=19292, stack(0x000000735e300000,0x000000735e400000) (1024K)]
  0x000001fb4cee0200 JavaThread "Thread-3"                   daemon [_thread_in_native, id=14004, stack(0x000000735e400000,0x000000735e500000) (1024K)]
  0x000001fb4cedcd80 JavaThread "Thread-4"                   daemon [_thread_in_native, id=6668, stack(0x000000735e500000,0x000000735e600000) (1024K)]
  0x000001fb4cee15b0 JavaThread "Thread-5"                   daemon [_thread_in_native, id=15708, stack(0x000000735e600000,0x000000735e700000) (1024K)]
  0x000001fb4cee2960 JavaThread "Thread-6"                   daemon [_thread_blocked, id=4124, stack(0x000000735e700000,0x000000735e800000) (1024K)]
  0x000001fb4cee2ff0 JavaThread "pool-2-thread-1"                   [_thread_blocked, id=16848, stack(0x000000735e800000,0x000000735e900000) (1024K)]
  0x000001fb4cee3680 JavaThread "WorkspaceEventsHandler"            [_thread_blocked, id=3492, stack(0x000000735e900000,0x000000735ea00000) (1024K)]
  0x000001fb4cedfb70 JavaThread "pool-1-thread-1"                   [_thread_blocked, id=11668, stack(0x000000735ea00000,0x000000735eb00000) (1024K)]
  0x000001fb4c389e50 JavaThread "Cleaner-0"                  daemon [_thread_blocked, id=17988, stack(0x000000735f400000,0x000000735f500000) (1024K)]
  0x000001fb4a7652e0 JavaThread "HttpClient-6-SelectorManager" daemon [_thread_in_native, id=6544, stack(0x000000735db00000,0x000000735dc00000) (1024K)]
  0x000001fb4a766d20 JavaThread "ForkJoinPool.commonPool-worker-47" daemon [_thread_blocked, id=3888, stack(0x000000735da00000,0x000000735db00000) (1024K)]
  0x000001fb4a7680d0 JavaThread "ForkJoinPool.commonPool-worker-50" daemon [_thread_blocked, id=21324, stack(0x000000735bf00000,0x000000735c000000) (1024K)]
  0x000001fb4a769b10 JavaThread "Worker-46"                         [_thread_blocked, id=6648, stack(0x000000735df00000,0x000000735e000000) (1024K)]
  0x000001fb4c38bf20 JavaThread "Java Debug Server"          daemon [_thread_in_native, id=11488, stack(0x000000735ed00000,0x000000735ee00000) (1024K)]
  0x000001fb4c38ab70 JavaThread "RxSchedulerPurge-1"         daemon [_thread_blocked, id=15772, stack(0x000000735f000000,0x000000735f100000) (1024K)]
  0x000001fb4c3876f0 JavaThread "RxCachedWorkerPoolEvictor-1" daemon [_thread_blocked, id=5780, stack(0x000000735f100000,0x000000735f200000) (1024K)]
  0x000001fb4c38d960 JavaThread "ForkJoinPool.commonPool-worker-51" daemon [_thread_blocked, id=2092, stack(0x000000735be00000,0x000000735bf00000) (1024K)]
  0x000001fb4c38b200 JavaThread "HttpClient-7-SelectorManager" daemon [_thread_in_native, id=9492, stack(0x000000735dc00000,0x000000735dd00000) (1024K)]
  0x000001fb4c387060 JavaThread "Worker-50: Building"               [_thread_blocked, id=23148, stack(0x000000735e200000,0x000000735e300000) (1024K)]
  0x000001fb4c388aa0 JavaThread "HttpClient-8-SelectorManager" daemon [_thread_blocked, id=10852, stack(0x000000735eb00000,0x000000735ec00000) (1024K)]
  0x000001fb4cee0f20 JavaThread "Worker-51"                         [_thread_blocked, id=15176, stack(0x000000735d700000,0x000000735d800000) (1024K)]
  0x000001fb4cedd410 JavaThread "Compiler Source File Reader" daemon [_thread_blocked, id=18232, stack(0x000000735e000000,0x000000735e100000) (1024K)]
  0x000001fb4cede130 JavaThread "Compiler Processing Task"   daemon [_thread_blocked, id=9532, stack(0x000000735e100000,0x000000735e200000) (1024K)]
Total: 43

Other Threads:
  0x000001fb7ff0fbd0 VMThread "VM Thread"                           [id=7316, stack(0x000000735c300000,0x000000735c400000) (1024K)]
  0x000001fb6d6155d0 WatcherThread "VM Periodic Task Thread"        [id=16360, stack(0x000000735c200000,0x000000735c300000) (1024K)]
=>0x000001fb6d56bf00 WorkerThread "GC Thread#0"                     [id=10888, stack(0x000000735c100000,0x000000735c200000) (1024K)]
  0x000001fb45e44130 WorkerThread "GC Thread#1"                     [id=8360, stack(0x000000735cf00000,0x000000735d000000) (1024K)]
  0x000001fb45e444d0 WorkerThread "GC Thread#2"                     [id=15480, stack(0x000000735d000000,0x000000735d100000) (1024K)]
  0x000001fb45e44870 WorkerThread "GC Thread#3"                     [id=10344, stack(0x000000735d100000,0x000000735d200000) (1024K)]
Total: 6

Threads with active compile tasks:
Total: 0

VM state: at safepoint (normal execution)

VM Mutex/Monitor currently owned by a thread:  ([mutex/lock_event])
[0x00007ff8858d5458] Threads_lock - owner thread: 0x000001fb7ff0fbd0
[0x00007ff8858d5558] Heap_lock - owner thread: 0x000001fb4c387060

Heap address: 0x0000000080000000, size: 2048 MB, Compressed Oops mode: 32-bit

CDS archive(s) mapped at: [0x000001fb04000000-0x000001fb04ba0000-0x000001fb04ba0000), size 12189696, SharedBaseAddress: 0x000001fb04000000, ArchiveRelocationMode: 1.
Compressed class space mapped at: 0x000001fb05000000-0x000001fb45000000, reserved size: 1073741824
Narrow klass base: 0x000001fb04000000, Narrow klass shift: 0, Narrow klass range: 0x100000000

GC Precious Log:
 CardTable entry size: 512
 CPUs: 4 total, 4 available
 Memory: 12154M
 Large Page Support: Disabled
 NUMA Support: Disabled
 Compressed Oops: Enabled (32-bit)
 Alignments: Space 512K, Generation 512K, Heap 2M
 Heap Min Capacity: 100M
 Heap Initial Capacity: 100M
 Heap Max Capacity: 2G
 Pre-touch: Disabled
 Parallel Workers: 4

Heap:
 PSYoungGen      total 13312K, used 7982K [0x00000000d5580000, 0x00000000d6b00000, 0x0000000100000000)
  eden space 7680K, 31% used [0x00000000d5580000,0x00000000d57d3b48,0x00000000d5d00000)
  from space 5632K, 99% used [0x00000000d5e80000,0x00000000d63f8020,0x00000000d6400000)
  to   space 7168K, 24% used [0x00000000d6400000,0x00000000d65b1a20,0x00000000d6b00000)
 ParOldGen       total 1398272K, used 1398264K [0x0000000080000000, 0x00000000d5580000, 0x00000000d5580000)
  object space 1398272K, 99% used [0x0000000080000000,0x00000000d557e338,0x00000000d5580000)
 Metaspace       used 103361K, committed 105088K, reserved 1179648K
  class space    used 10199K, committed 11008K, reserved 1048576K

Card table byte_map: [0x000001fb6cf30000,0x000001fb6d340000] _byte_map_base: 0x000001fb6cb30000

Marking Bits: (ParMarkBitMap*) 0x00007ff8858da340
 Begin Bits: [0x000001fb00000000, 0x000001fb02000000)
 End Bits:   [0x000001fb02000000, 0x000001fb04000000)

Polling page: 0x000001fb6cd20000

Metaspace:

Usage:
  Non-class:     90.98 MB used.
      Class:      9.96 MB used.
       Both:    100.94 MB used.

Virtual space:
  Non-class space:      128.00 MB reserved,      91.88 MB ( 72%) committed,  2 nodes.
      Class space:        1.00 GB reserved,      10.75 MB (  1%) committed,  1 nodes.
             Both:        1.12 GB reserved,     102.62 MB (  9%) committed. 

Chunk freelists:
   Non-Class:  3.58 MB
       Class:  5.16 MB
        Both:  8.74 MB

MaxMetaspaceSize: unlimited
CompressedClassSpaceSize: 1.00 GB
Initial GC threshold: 21.00 MB
Current GC threshold: 164.06 MB
CDS: on
 - commit_granule_bytes: 65536.
 - commit_granule_words: 8192.
 - virtual_space_node_default_size: 8388608.
 - enlarge_chunks_in_place: 1.
 - use_allocation_guard: 0.


Internal statistics:

num_allocs_failed_limit: 9.
num_arena_births: 2280.
num_arena_deaths: 656.
num_vsnodes_births: 3.
num_vsnodes_deaths: 0.
num_space_committed: 1658.
num_space_uncommitted: 14.
num_chunks_returned_to_freelist: 912.
num_chunks_taken_from_freelist: 7849.
num_chunk_merges: 242.
num_chunk_splits: 4401.
num_chunks_enlarged: 2395.
num_inconsistent_stats: 0.

CodeHeap 'non-profiled nmethods': size=120000Kb used=29180Kb max_used=29180Kb free=90819Kb
 bounds [0x000001fb78220000, 0x000001fb79ea0000, 0x000001fb7f750000]
CodeHeap 'profiled nmethods': size=120000Kb used=36595Kb max_used=49437Kb free=83404Kb
 bounds [0x000001fb70750000, 0x000001fb73890000, 0x000001fb77c80000]
CodeHeap 'non-nmethods': size=5760Kb used=1556Kb max_used=1642Kb free=4203Kb
 bounds [0x000001fb77c80000, 0x000001fb77ef0000, 0x000001fb78220000]
CodeCache: size=245760Kb, used=67331Kb, max_used=80259Kb, free=178426Kb
 total_blobs=17577, nmethods=16697, adapters=780, full_count=0
Compilation: enabled, stopped_count=0, restarted_count=0

Compilation events (20 events):
Event: 94883.667 Thread 0x000001fb7ff331f0 36598       4       org.eclipse.jdt.core.dom.MethodBinding::getKey (30 bytes)
Event: 94883.673 Thread 0x000001fb7ff331f0 nmethod 36598 0x000001fb79e9c210 code [0x000001fb79e9c3e0, 0x000001fb79e9c930]
Event: 94883.673 Thread 0x000001fb7ff331f0 36596       4       com.sun.org.apache.xerces.internal.impl.XMLDocumentFragmentScannerImpl::setFeature (43 bytes)
Event: 94883.701 Thread 0x000001fb7ff331f0 nmethod 36596 0x000001fb79e9cc10 code [0x000001fb79e9ce00, 0x000001fb79e9d8b8]
Event: 94883.758 Thread 0x000001fb7ff331f0 36599       4       org.eclipse.jdt.internal.compiler.parser.RecoveryScanner::getNextToken0 (532 bytes)
Event: 94883.783 Thread 0x000001fb7ff331f0 nmethod 36599 0x000001fb79e9dd90 code [0x000001fb79e9dfc0, 0x000001fb79e9e890]
Event: 94883.823 Thread 0x000001fb7ffa8120 36600       3       org.eclipse.m2e.core.internal.embedder.MavenProjectMutableState::takeSnapshot (117 bytes)
Event: 94883.827 Thread 0x000001fb7ffa8120 nmethod 36600 0x000001fb71983610 code [0x000001fb71983960, 0x000001fb719850b0]
Event: 94883.828 Thread 0x000001fb7ffa8120 36602       3       org.eclipse.m2e.core.internal.embedder.MavenExecutionContext::getRepositorySession (26 bytes)
Event: 94883.828 Thread 0x000001fb7ffa8120 nmethod 36602 0x000001fb71982e90 code [0x000001fb71983060, 0x000001fb71983490]
Event: 94883.828 Thread 0x000001fb7ffa8120 36601       3       org.eclipse.m2e.core.internal.embedder.MavenProjectMutableState::<init> (10 bytes)
Event: 94883.828 Thread 0x000001fb7ffa8120 nmethod 36601 0x000001fb71f1e190 code [0x000001fb71f1e340, 0x000001fb71f1e4a8]
Event: 94883.831 Thread 0x000001fb7ffa8120 36603       3       com.google.inject.internal.ConstructorBindingImpl::acceptTargetVisitor (29 bytes)
Event: 94883.848 Thread 0x000001fb7ffa8120 nmethod 36603 0x000001fb71f1d890 code [0x000001fb71f1da80, 0x000001fb71f1df68]
Event: 94883.848 Thread 0x000001fb7ffa8120 36604       3       com.google.inject.internal.ConstructorBindingImpl::getConstructor (37 bytes)
Event: 94883.850 Thread 0x000001fb7ffa8120 nmethod 36604 0x000001fb71f1cf90 code [0x000001fb71f1d180, 0x000001fb71f1d628]
Event: 94883.852 Thread 0x000001fb7ff331f0 36605       4       java.util.TreeMap::navigableKeySet (27 bytes)
Event: 94883.854 Thread 0x000001fb7ffa8120 36606       3       org.codehaus.plexus.interpolation.multi.DelimiterSpecification::hashCode (55 bytes)
Event: 94883.854 Thread 0x000001fb7ffa8120 nmethod 36606 0x000001fb71f1ca90 code [0x000001fb71f1cc60, 0x000001fb71f1ce90]
Event: 94883.854 Thread 0x000001fb7ff331f0 nmethod 36605 0x000001fb79e9ed10 code [0x000001fb79e9eea0, 0x000001fb79e9efc0]

GC Heap History (20 events):
Event: 94882.340 GC heap after
{Heap after GC invocations=8717 (full 16):
 PSYoungGen      total 8704K, used 868K [0x00000000d5580000, 0x00000000d6180000, 0x0000000100000000)
  eden space 7680K, 0% used [0x00000000d5580000,0x00000000d5580000,0x00000000d5d00000)
  from space 1024K, 84% used [0x00000000d6000000,0x00000000d60d9210,0x00000000d6100000)
  to   space 512K, 0% used [0x00000000d6100000,0x00000000d6100000,0x00000000d6180000)
 ParOldGen       total 1366528K, used 1366201K [0x0000000080000000, 0x00000000d3680000, 0x00000000d5580000)
  object space 1366528K, 99% used [0x0000000080000000,0x00000000d362e680,0x00000000d3680000)
 Metaspace       used 103277K, committed 105024K, reserved 1179648K
  class space    used 10191K, committed 11008K, reserved 1048576K
}
Event: 94882.487 GC heap before
{Heap before GC invocations=8718 (full 16):
 PSYoungGen      total 8704K, used 8548K [0x00000000d5580000, 0x00000000d6180000, 0x0000000100000000)
  eden space 7680K, 100% used [0x00000000d5580000,0x00000000d5d00000,0x00000000d5d00000)
  from space 1024K, 84% used [0x00000000d6000000,0x00000000d60d9210,0x00000000d6100000)
  to   space 512K, 0% used [0x00000000d6100000,0x00000000d6100000,0x00000000d6180000)
 ParOldGen       total 1366528K, used 1366201K [0x0000000080000000, 0x00000000d3680000, 0x00000000d5580000)
  object space 1366528K, 99% used [0x0000000080000000,0x00000000d362e680,0x00000000d3680000)
 Metaspace       used 103353K, committed 105088K, reserved 1179648K
  class space    used 10199K, committed 11008K, reserved 1048576K
}
Event: 94882.493 GC heap after
{Heap after GC invocations=8718 (full 16):
 PSYoungGen      total 8192K, used 512K [0x00000000d5580000, 0x00000000d6180000, 0x0000000100000000)
  eden space 7680K, 0% used [0x00000000d5580000,0x00000000d5580000,0x00000000d5d00000)
  from space 512K, 100% used [0x00000000d6100000,0x00000000d6180000,0x00000000d6180000)
  to   space 1536K, 0% used [0x00000000d5e80000,0x00000000d5e80000,0x00000000d6000000)
 ParOldGen       total 1367552K, used 1367073K [0x0000000080000000, 0x00000000d3780000, 0x00000000d5580000)
  object space 1367552K, 99% used [0x0000000080000000,0x00000000d37087c8,0x00000000d3780000)
 Metaspace       used 103353K, committed 105088K, reserved 1179648K
  class space    used 10199K, committed 11008K, reserved 1048576K
}
Event: 94882.525 GC heap before
{Heap before GC invocations=8719 (full 16):
 PSYoungGen      total 8192K, used 8192K [0x00000000d5580000, 0x00000000d6180000, 0x0000000100000000)
  eden space 7680K, 100% used [0x00000000d5580000,0x00000000d5d00000,0x00000000d5d00000)
  from space 512K, 100% used [0x00000000d6100000,0x00000000d6180000,0x00000000d6180000)
  to   space 1536K, 0% used [0x00000000d5e80000,0x00000000d5e80000,0x00000000d6000000)
 ParOldGen       total 1367552K, used 1367073K [0x0000000080000000, 0x00000000d3780000, 0x00000000d5580000)
  object space 1367552K, 99% used [0x0000000080000000,0x00000000d37087c8,0x00000000d3780000)
 Metaspace       used 103353K, committed 105088K, reserved 1179648K
  class space    used 10199K, committed 11008K, reserved 1048576K
}
Event: 94882.530 GC heap after
{Heap after GC invocations=8719 (full 16):
 PSYoungGen      total 9216K, used 650K [0x00000000d5580000, 0x00000000d6180000, 0x0000000100000000)
  eden space 7680K, 0% used [0x00000000d5580000,0x00000000d5580000,0x00000000d5d00000)
  from space 1536K, 42% used [0x00000000d5e80000,0x00000000d5f22910,0x00000000d6000000)
  to   space 1024K, 0% used [0x00000000d6080000,0x00000000d6080000,0x00000000d6180000)
 ParOldGen       total 1368064K, used 1367581K [0x0000000080000000, 0x00000000d3800000, 0x00000000d5580000)
  object space 1368064K, 99% used [0x0000000080000000,0x00000000d37877d8,0x00000000d3800000)
 Metaspace       used 103353K, committed 105088K, reserved 1179648K
  class space    used 10199K, committed 11008K, reserved 1048576K
}
Event: 94882.669 GC heap before
{Heap before GC invocations=8720 (full 16):
 PSYoungGen      total 9216K, used 8330K [0x00000000d5580000, 0x00000000d6180000, 0x0000000100000000)
  eden space 7680K, 100% used [0x00000000d5580000,0x00000000d5d00000,0x00000000d5d00000)
  from space 1536K, 42% used [0x00000000d5e80000,0x00000000d5f22910,0x00000000d6000000)
  to   space 1024K, 0% used [0x00000000d6080000,0x00000000d6080000,0x00000000d6180000)
 ParOldGen       total 1368064K, used 1367581K [0x0000000080000000, 0x00000000d3800000, 0x00000000d5580000)
  object space 1368064K, 99% used [0x0000000080000000,0x00000000d37877d8,0x00000000d3800000)
 Metaspace       used 103353K, committed 105088K, reserved 1179648K
  class space    used 10199K, committed 11008K, reserved 1048576K
}
Event: 94882.672 GC heap after
{Heap after GC invocations=8720 (full 16):
 PSYoungGen      total 8704K, used 660K [0x00000000d5580000, 0x00000000d6180000, 0x0000000100000000)
  eden space 7680K, 0% used [0x00000000d5580000,0x00000000d5580000,0x00000000d5d00000)
  from space 1024K, 64% used [0x00000000d6080000,0x00000000d6125200,0x00000000d6180000)
  to   space 1024K, 0% used [0x00000000d5f80000,0x00000000d5f80000,0x00000000d6080000)
 ParOldGen       total 1368064K, used 1367597K [0x0000000080000000, 0x00000000d3800000, 0x00000000d5580000)
  object space 1368064K, 99% used [0x0000000080000000,0x00000000d378b7d8,0x00000000d3800000)
 Metaspace       used 103353K, committed 105088K, reserved 1179648K
  class space    used 10199K, committed 11008K, reserved 1048576K
}
Event: 94882.701 GC heap before
{Heap before GC invocations=8721 (full 16):
 PSYoungGen      total 8704K, used 8340K [0x00000000d5580000, 0x00000000d6180000, 0x0000000100000000)
  eden space 7680K, 100% used [0x00000000d5580000,0x00000000d5d00000,0x00000000d5d00000)
  from space 1024K, 64% used [0x00000000d6080000,0x00000000d6125200,0x00000000d6180000)
  to   space 1024K, 0% used [0x00000000d5f80000,0x00000000d5f80000,0x00000000d6080000)
 ParOldGen       total 1368064K, used 1367597K [0x0000000080000000, 0x00000000d3800000, 0x00000000d5580000)
  object space 1368064K, 99% used [0x0000000080000000,0x00000000d378b7d8,0x00000000d3800000)
 Metaspace       used 103353K, committed 105088K, reserved 1179648K
  class space    used 10199K, committed 11008K, reserved 1048576K
}
Event: 94882.705 GC heap after
{Heap after GC invocations=8721 (full 16):
 PSYoungGen      total 8704K, used 586K [0x00000000d5580000, 0x00000000d6100000, 0x0000000100000000)
  eden space 7680K, 0% used [0x00000000d5580000,0x00000000d5580000,0x00000000d5d00000)
  from space 1024K, 57% used [0x00000000d5f80000,0x00000000d6012910,0x00000000d6080000)
  to   space 512K, 0% used [0x00000000d6080000,0x00000000d6080000,0x00000000d6100000)
 ParOldGen       total 1368064K, used 1367669K [0x0000000080000000, 0x00000000d3800000, 0x00000000d5580000)
  object space 1368064K, 99% used [0x0000000080000000,0x00000000d379d7d8,0x00000000d3800000)
 Metaspace       used 103353K, committed 105088K, reserved 1179648K
  class space    used 10199K, committed 11008K, reserved 1048576K
}
Event: 94883.580 GC heap before
{Heap before GC invocations=8722 (full 16):
 PSYoungGen      total 8704K, used 8261K [0x00000000d5580000, 0x00000000d6100000, 0x0000000100000000)
  eden space 7680K, 99% used [0x00000000d5580000,0x00000000d5cfeb68,0x00000000d5d00000)
  from space 1024K, 57% used [0x00000000d5f80000,0x00000000d6012910,0x00000000d6080000)
  to   space 512K, 0% used [0x00000000d6080000,0x00000000d6080000,0x00000000d6100000)
 ParOldGen       total 1368064K, used 1367669K [0x0000000080000000, 0x00000000d3800000, 0x00000000d5580000)
  object space 1368064K, 99% used [0x0000000080000000,0x00000000d379d7d8,0x00000000d3800000)
 Metaspace       used 103359K, committed 105088K, reserved 1179648K
  class space    used 10199K, committed 11008K, reserved 1048576K
}
Event: 94883.586 GC heap after
{Heap after GC invocations=8722 (full 16):
 PSYoungGen      total 8192K, used 512K [0x00000000d5580000, 0x00000000d6100000, 0x0000000100000000)
  eden space 7680K, 0% used [0x00000000d5580000,0x00000000d5580000,0x00000000d5d00000)
  from space 512K, 100% used [0x00000000d6080000,0x00000000d6100000,0x00000000d6100000)
  to   space 1024K, 0% used [0x00000000d5f00000,0x00000000d5f00000,0x00000000d6000000)
 ParOldGen       total 1369088K, used 1368857K [0x0000000080000000, 0x00000000d3900000, 0x00000000d5580000)
  object space 1369088K, 99% used [0x0000000080000000,0x00000000d38c6638,0x00000000d3900000)
 Metaspace       used 103359K, committed 105088K, reserved 1179648K
  class space    used 10199K, committed 11008K, reserved 1048576K
}
Event: 94883.622 GC heap before
{Heap before GC invocations=8723 (full 16):
 PSYoungGen      total 8192K, used 8192K [0x00000000d5580000, 0x00000000d6100000, 0x0000000100000000)
  eden space 7680K, 100% used [0x00000000d5580000,0x00000000d5d00000,0x00000000d5d00000)
  from space 512K, 100% used [0x00000000d6080000,0x00000000d6100000,0x00000000d6100000)
  to   space 1024K, 0% used [0x00000000d5f00000,0x00000000d5f00000,0x00000000d6000000)
 ParOldGen       total 1369088K, used 1368857K [0x0000000080000000, 0x00000000d3900000, 0x00000000d5580000)
  object space 1369088K, 99% used [0x0000000080000000,0x00000000d38c6638,0x00000000d3900000)
 Metaspace       used 103359K, committed 105088K, reserved 1179648K
  class space    used 10199K, committed 11008K, reserved 1048576K
}
Event: 94883.633 GC heap after
{Heap after GC invocations=8723 (full 16):
 PSYoungGen      total 8704K, used 1024K [0x00000000d5580000, 0x00000000d6d00000, 0x0000000100000000)
  eden space 7680K, 0% used [0x00000000d5580000,0x00000000d5580000,0x00000000d5d00000)
  from space 1024K, 100% used [0x00000000d5f00000,0x00000000d6000000,0x00000000d6000000)
  to   space 8192K, 0% used [0x00000000d6500000,0x00000000d6500000,0x00000000d6d00000)
 ParOldGen       total 1375232K, used 1374856K [0x0000000080000000, 0x00000000d3f00000, 0x00000000d5580000)
  object space 1375232K, 99% used [0x0000000080000000,0x00000000d3ea2318,0x00000000d3f00000)
 Metaspace       used 103359K, committed 105088K, reserved 1179648K
  class space    used 10199K, committed 11008K, reserved 1048576K
}
Event: 94883.750 GC heap before
{Heap before GC invocations=8724 (full 16):
 PSYoungGen      total 8704K, used 8704K [0x00000000d5580000, 0x00000000d6d00000, 0x0000000100000000)
  eden space 7680K, 100% used [0x00000000d5580000,0x00000000d5d00000,0x00000000d5d00000)
  from space 1024K, 100% used [0x00000000d5f00000,0x00000000d6000000,0x00000000d6000000)
  to   space 8192K, 0% used [0x00000000d6500000,0x00000000d6500000,0x00000000d6d00000)
 ParOldGen       total 1375232K, used 1374856K [0x0000000080000000, 0x00000000d3f00000, 0x00000000d5580000)
  object space 1375232K, 99% used [0x0000000080000000,0x00000000d3ea2318,0x00000000d3f00000)
 Metaspace       used 103359K, committed 105088K, reserved 1179648K
  class space    used 10199K, committed 11008K, reserved 1048576K
}
Event: 94883.756 GC heap after
{Heap after GC invocations=8724 (full 16):
 PSYoungGen      total 12288K, used 4514K [0x00000000d5580000, 0x00000000d6980000, 0x0000000100000000)
  eden space 7680K, 0% used [0x00000000d5580000,0x00000000d5580000,0x00000000d5d00000)
  from space 4608K, 97% used [0x00000000d6500000,0x00000000d6968b40,0x00000000d6980000)
  to   space 5632K, 0% used [0x00000000d5e80000,0x00000000d5e80000,0x00000000d6400000)
 ParOldGen       total 1376256K, used 1375912K [0x0000000080000000, 0x00000000d4000000, 0x00000000d5580000)
  object space 1376256K, 99% used [0x0000000080000000,0x00000000d3faa318,0x00000000d4000000)
 Metaspace       used 103359K, committed 105088K, reserved 1179648K
  class space    used 10199K, committed 11008K, reserved 1048576K
}
Event: 94883.833 GC heap before
{Heap before GC invocations=8725 (full 16):
 PSYoungGen      total 12288K, used 12194K [0x00000000d5580000, 0x00000000d6980000, 0x0000000100000000)
  eden space 7680K, 100% used [0x00000000d5580000,0x00000000d5d00000,0x00000000d5d00000)
  from space 4608K, 97% used [0x00000000d6500000,0x00000000d6968b40,0x00000000d6980000)
  to   space 5632K, 0% used [0x00000000d5e80000,0x00000000d5e80000,0x00000000d6400000)
 ParOldGen       total 1376256K, used 1375912K [0x0000000080000000, 0x00000000d4000000, 0x00000000d5580000)
  object space 1376256K, 99% used [0x0000000080000000,0x00000000d3faa318,0x00000000d4000000)
 Metaspace       used 103360K, committed 105088K, reserved 1179648K
  class space    used 10199K, committed 11008K, reserved 1048576K
}
Event: 94883.841 GC heap after
{Heap after GC invocations=8725 (full 16):
 PSYoungGen      total 13312K, used 5600K [0x00000000d5580000, 0x00000000d6b00000, 0x0000000100000000)
  eden space 7680K, 0% used [0x00000000d5580000,0x00000000d5580000,0x00000000d5d00000)
  from space 5632K, 99% used [0x00000000d5e80000,0x00000000d63f8020,0x00000000d6400000)
  to   space 7168K, 0% used [0x00000000d6400000,0x00000000d6400000,0x00000000d6b00000)
 ParOldGen       total 1377280K, used 1376840K [0x0000000080000000, 0x00000000d4100000, 0x00000000d5580000)
  object space 1377280K, 99% used [0x0000000080000000,0x00000000d4092318,0x00000000d4100000)
 Metaspace       used 103360K, committed 105088K, reserved 1179648K
  class space    used 10199K, committed 11008K, reserved 1048576K
}
Event: 94884.172 GC heap before
{Heap before GC invocations=8726 (full 16):
 PSYoungGen      total 13312K, used 7982K [0x00000000d5580000, 0x00000000d6b00000, 0x0000000100000000)
  eden space 7680K, 31% used [0x00000000d5580000,0x00000000d57d3b48,0x00000000d5d00000)
  from space 5632K, 99% used [0x00000000d5e80000,0x00000000d63f8020,0x00000000d6400000)
  to   space 7168K, 0% used [0x00000000d6400000,0x00000000d6400000,0x00000000d6b00000)
 ParOldGen       total 1398272K, used 1396040K [0x0000000080000000, 0x00000000d5580000, 0x00000000d5580000)
  object space 1398272K, 99% used [0x0000000080000000,0x00000000d5352338,0x00000000d5580000)
 Metaspace       used 103361K, committed 105088K, reserved 1179648K
  class space    used 10199K, committed 11008K, reserved 1048576K
}
Event: 94884.380 GC heap after
{Heap after GC invocations=8726 (full 16):
 PSYoungGen      total 13312K, used 7982K [0x00000000d5580000, 0x00000000d6b00000, 0x0000000100000000)
  eden space 7680K, 31% used [0x00000000d5580000,0x00000000d57d3b48,0x00000000d5d00000)
  from space 5632K, 99% used [0x00000000d5e80000,0x00000000d63f8020,0x00000000d6400000)
  to   space 7168K, 24% used [0x00000000d6400000,0x00000000d65b1a20,0x00000000d6b00000)
 ParOldGen       total 1398272K, used 1398264K [0x0000000080000000, 0x00000000d5580000, 0x00000000d5580000)
  object space 1398272K, 99% used [0x0000000080000000,0x00000000d557e338,0x00000000d5580000)
 Metaspace       used 103361K, committed 105088K, reserved 1179648K
  class space    used 10199K, committed 11008K, reserved 1048576K
}
Event: 94884.393 GC heap before
{Heap before GC invocations=8727 (full 17):
 PSYoungGen      total 13312K, used 7982K [0x00000000d5580000, 0x00000000d6b00000, 0x0000000100000000)
  eden space 7680K, 31% used [0x00000000d5580000,0x00000000d57d3b48,0x00000000d5d00000)
  from space 5632K, 99% used [0x00000000d5e80000,0x00000000d63f8020,0x00000000d6400000)
  to   space 7168K, 24% used [0x00000000d6400000,0x00000000d65b1a20,0x00000000d6b00000)
 ParOldGen       total 1398272K, used 1398264K [0x0000000080000000, 0x00000000d5580000, 0x00000000d5580000)
  object space 1398272K, 99% used [0x0000000080000000,0x00000000d557e338,0x00000000d5580000)
 Metaspace       used 103361K, committed 105088K, reserved 1179648K
  class space    used 10199K, committed 11008K, reserved 1048576K
}

Dll operation events (12 events):
Event: 0.010 Loaded shared library c:\Users\Dhulmini\.vscode\extensions\redhat.java-1.44.0-win32-x64\jre\21.0.8-win32-x86_64\bin\java.dll
Event: 0.247 Loaded shared library c:\Users\Dhulmini\.vscode\extensions\redhat.java-1.44.0-win32-x64\jre\21.0.8-win32-x86_64\bin\zip.dll
Event: 0.332 Loaded shared library C:\Users\Dhulmini\.vscode\extensions\redhat.java-1.44.0-win32-x64\jre\21.0.8-win32-x86_64\bin\instrument.dll
Event: 0.340 Loaded shared library C:\Users\Dhulmini\.vscode\extensions\redhat.java-1.44.0-win32-x64\jre\21.0.8-win32-x86_64\bin\net.dll
Event: 0.344 Loaded shared library C:\Users\Dhulmini\.vscode\extensions\redhat.java-1.44.0-win32-x64\jre\21.0.8-win32-x86_64\bin\nio.dll
Event: 0.371 Loaded shared library C:\Users\Dhulmini\.vscode\extensions\redhat.java-1.44.0-win32-x64\jre\21.0.8-win32-x86_64\bin\zip.dll
Event: 0.405 Loaded shared library C:\Users\Dhulmini\.vscode\extensions\redhat.java-1.44.0-win32-x64\jre\21.0.8-win32-x86_64\bin\jimage.dll
Event: 0.618 Loaded shared library c:\Users\Dhulmini\.vscode\extensions\redhat.java-1.44.0-win32-x64\jre\21.0.8-win32-x86_64\bin\verify.dll
Event: 11.920 Loaded shared library C:\Users\Dhulmini\AppData\Roaming\Code\User\globalStorage\redhat.java\1.44.0\config_win\org.eclipse.equinox.launcher\org.eclipse.equinox.launcher.win32.win32.x86_64_1.2.1400.v20250730-1736\eclipse_11913.dll
Event: 41.253 Loaded shared library C:\Users\Dhulmini\AppData\Local\Temp\jna--484176622\jna56992499103964726.dll
Event: 95.995 Loaded shared library C:\Users\Dhulmini\.vscode\extensions\redhat.java-1.44.0-win32-x64\jre\21.0.8-win32-x86_64\bin\sunmscapi.dll
Event: 1619.980 Loaded shared library C:\Users\Dhulmini\.vscode\extensions\redhat.java-1.44.0-win32-x64\jre\21.0.8-win32-x86_64\bin\extnet.dll

Deoptimization events (20 events):
Event: 94882.448 Thread 0x000001fb4cedfb70 DEOPT PACKING pc=0x000001fb799f314c sp=0x000000735eafe170
Event: 94882.448 Thread 0x000001fb4cedfb70 DEOPT UNPACKING pc=0x000001fb77cd3aa2 sp=0x000000735eafe100 mode 2
Event: 94882.448 Thread 0x000001fb4cedfb70 Uncommon trap: trap_request=0xffffff66 fr.pc=0x000001fb78c443f0 relative=0x0000000000000050
Event: 94882.448 Thread 0x000001fb4cedfb70 Uncommon trap: reason=speculate_class_check action=maybe_recompile pc=0x000001fb78c443f0 method=java.lang.invoke.DirectMethodHandle$Holder.invokeSpecial(Ljava/lang/Object;Ljava/lang/Object;Ljava/lang/Object;)Ljava/lang/Object; @ 11 c2
Event: 94882.449 Thread 0x000001fb4cedfb70 DEOPT PACKING pc=0x000001fb78c443f0 sp=0x000000735eafe090
Event: 94882.449 Thread 0x000001fb4cedfb70 DEOPT UNPACKING pc=0x000001fb77cd3aa2 sp=0x000000735eafdef8 mode 2
Event: 94882.459 Thread 0x000001fb4cedfb70 Uncommon trap: trap_request=0xffffff45 fr.pc=0x000001fb78eaf1bc relative=0x000000000000177c
Event: 94882.459 Thread 0x000001fb4cedfb70 Uncommon trap: reason=unstable_if action=reinterpret pc=0x000001fb78eaf1bc method=java.util.regex.Pattern.compile()V @ 338 c2
Event: 94882.459 Thread 0x000001fb4cedfb70 DEOPT PACKING pc=0x000001fb78eaf1bc sp=0x000000735eafe0f0
Event: 94882.459 Thread 0x000001fb4cedfb70 DEOPT UNPACKING pc=0x000001fb77cd3aa2 sp=0x000000735eafe0b0 mode 2
Event: 94882.516 Thread 0x000001fb4a7680d0 Uncommon trap: trap_request=0xffffffde fr.pc=0x000001fb799f0d40 relative=0x00000000000005a0
Event: 94882.516 Thread 0x000001fb4a7680d0 Uncommon trap: reason=class_check action=maybe_recompile pc=0x000001fb799f0d40 method=org.eclipse.jdt.internal.compiler.parser.Parser.resumeAfterRecovery()I @ 35 c2
Event: 94882.517 Thread 0x000001fb4a7680d0 DEOPT PACKING pc=0x000001fb799f0d40 sp=0x000000735bffe310
Event: 94882.517 Thread 0x000001fb4a7680d0 DEOPT UNPACKING pc=0x000001fb77cd3aa2 sp=0x000000735bffe2b8 mode 2
Event: 94883.721 Thread 0x000001fb4cee3680 DEOPT PACKING pc=0x000001fb7275b9b4 sp=0x000000735e9ff000
Event: 94883.722 Thread 0x000001fb4cee3680 DEOPT UNPACKING pc=0x000001fb77cd4242 sp=0x000000735e9fe550 mode 0
Event: 94883.758 Thread 0x000001fb4cede130 Uncommon trap: trap_request=0xffffffde fr.pc=0x000001fb79c1f8c8 relative=0x0000000000000e48
Event: 94883.758 Thread 0x000001fb4cede130 Uncommon trap: reason=class_check action=maybe_recompile pc=0x000001fb79c1f8c8 method=org.eclipse.jdt.internal.compiler.parser.Parser.endParse(I)Lorg/eclipse/jdt/internal/compiler/ast/CompilationUnitDeclaration; @ 13 c2
Event: 94883.758 Thread 0x000001fb4cede130 DEOPT PACKING pc=0x000001fb79c1f8c8 sp=0x000000735e1fe610
Event: 94883.758 Thread 0x000001fb4cede130 DEOPT UNPACKING pc=0x000001fb77cd3aa2 sp=0x000000735e1fe5f8 mode 2

Classes loaded (20 events):
Event: 94523.810 Loading class java/lang/VerifyError
Event: 94523.810 Loading class java/lang/VerifyError done
Event: 94523.810 Loading class java/lang/ClassCircularityError
Event: 94523.811 Loading class java/lang/ClassCircularityError done
Event: 94524.252 Loading class java/nio/file/TempFileHelper
Event: 94524.253 Loading class java/nio/file/TempFileHelper done
Event: 94524.270 Loading class java/util/stream/SliceOps
Event: 94524.271 Loading class java/util/stream/SliceOps done
Event: 94524.271 Loading class java/util/stream/SliceOps$1
Event: 94524.271 Loading class java/util/stream/SliceOps$1 done
Event: 94524.280 Loading class java/util/stream/SliceOps$1$1
Event: 94524.281 Loading class java/util/stream/SliceOps$1$1 done
Event: 94525.026 Loading class java/util/concurrent/ScheduledThreadPoolExecutor$DelayedWorkQueue$Itr
Event: 94525.027 Loading class java/util/concurrent/ScheduledThreadPoolExecutor$DelayedWorkQueue$Itr done
Event: 94526.413 Loading class java/lang/ProcessHandleImpl$ExitCompletion
Event: 94526.414 Loading class java/lang/ProcessHandleImpl$ExitCompletion done
Event: 94526.423 Loading class java/lang/ProcessHandleImpl$1
Event: 94526.423 Loading class java/lang/ProcessHandleImpl$1 done
Event: 94883.721 Loading class jdk/internal/module/IllegalAccessLogger
Event: 94883.721 Loading class jdk/internal/module/IllegalAccessLogger done

Classes unloaded (20 events):
Event: 9323.459 Thread 0x000001fb7ff0fbd0 Unloading class 0x000001fb05173c00 'java/lang/invoke/LambdaForm$MH+0x000001fb05173c00'
Event: 9323.459 Thread 0x000001fb7ff0fbd0 Unloading class 0x000001fb05173800 'java/lang/invoke/LambdaForm$MH+0x000001fb05173800'
Event: 9323.459 Thread 0x000001fb7ff0fbd0 Unloading class 0x000001fb05172c00 'java/lang/invoke/LambdaForm$MH+0x000001fb05172c00'
Event: 9323.459 Thread 0x000001fb7ff0fbd0 Unloading class 0x000001fb05172800 'java/lang/invoke/LambdaForm$MH+0x000001fb05172800'
Event: 9323.459 Thread 0x000001fb7ff0fbd0 Unloading class 0x000001fb05172000 'java/lang/invoke/LambdaForm$MH+0x000001fb05172000'
Event: 9323.459 Thread 0x000001fb7ff0fbd0 Unloading class 0x000001fb05082400 'java/lang/invoke/LambdaForm$MH+0x000001fb05082400'
Event: 9323.459 Thread 0x000001fb7ff0fbd0 Unloading class 0x000001fb05081c00 'java/lang/invoke/LambdaForm$MH+0x000001fb05081c00'
Event: 9323.459 Thread 0x000001fb7ff0fbd0 Unloading class 0x000001fb05081800 'java/lang/invoke/LambdaForm$MH+0x000001fb05081800'
Event: 9323.459 Thread 0x000001fb7ff0fbd0 Unloading class 0x000001fb05081400 'java/lang/invoke/LambdaForm$MH+0x000001fb05081400'
Event: 9323.459 Thread 0x000001fb7ff0fbd0 Unloading class 0x000001fb05081000 'java/lang/invoke/LambdaForm$MH+0x000001fb05081000'
Event: 9323.459 Thread 0x000001fb7ff0fbd0 Unloading class 0x000001fb05080800 'java/lang/invoke/LambdaForm$MH+0x000001fb05080800'
Event: 9323.459 Thread 0x000001fb7ff0fbd0 Unloading class 0x000001fb05080400 'java/lang/invoke/LambdaForm$MH+0x000001fb05080400'
Event: 9323.459 Thread 0x000001fb7ff0fbd0 Unloading class 0x000001fb05080000 'java/lang/invoke/LambdaForm$MH+0x000001fb05080000'
Event: 9323.459 Thread 0x000001fb7ff0fbd0 Unloading class 0x000001fb0501f800 'java/lang/invoke/LambdaForm$MH+0x000001fb0501f800'
Event: 9323.459 Thread 0x000001fb7ff0fbd0 Unloading class 0x000001fb0501e800 'java/lang/invoke/LambdaForm$MH+0x000001fb0501e800'
Event: 9323.459 Thread 0x000001fb7ff0fbd0 Unloading class 0x000001fb0501e400 'java/lang/invoke/LambdaForm$MH+0x000001fb0501e400'
Event: 9323.459 Thread 0x000001fb7ff0fbd0 Unloading class 0x000001fb0501dc00 'java/lang/invoke/LambdaForm$MH+0x000001fb0501dc00'
Event: 9323.459 Thread 0x000001fb7ff0fbd0 Unloading class 0x000001fb0501d400 'java/lang/invoke/LambdaForm$MH+0x000001fb0501d400'
Event: 9323.459 Thread 0x000001fb7ff0fbd0 Unloading class 0x000001fb05014800 'java/lang/invoke/LambdaForm$MH+0x000001fb05014800'
Event: 9323.459 Thread 0x000001fb7ff0fbd0 Unloading class 0x000001fb05000400 'java/lang/invoke/LambdaForm$MH+0x000001fb05000400'

Classes redefined (0 events):
No events

Internal exceptions (20 events):
Event: 94522.703 Thread 0x000001fb4a765970 Exception <a 'java/lang/NoSuchMethodError'{0x00000000d5b06718}: 'int java.lang.invoke.DirectMethodHandle$Holder.invokeStatic(java.lang.Object)'> (0x00000000d5b06718) 
thrown [s\src\hotspot\share\interpreter\linkResolver.cpp, line 773]
Event: 94522.857 Thread 0x000001fb4a765970 Exception <a 'sun/nio/fs/WindowsException'{0x00000000d56843c8}> (0x00000000d56843c8) 
thrown [s\src\hotspot\share\prims\jni.cpp, line 520]
Event: 94522.857 Thread 0x000001fb4a765970 Exception <a 'sun/nio/fs/WindowsException'{0x00000000d5684c90}> (0x00000000d5684c90) 
thrown [s\src\hotspot\share\prims\jni.cpp, line 520]
Event: 94522.858 Thread 0x000001fb4a765970 Exception <a 'sun/nio/fs/WindowsException'{0x00000000d56859a8}> (0x00000000d56859a8) 
thrown [s\src\hotspot\share\prims\jni.cpp, line 520]
Event: 94522.859 Thread 0x000001fb4a765970 Exception <a 'sun/nio/fs/WindowsException'{0x00000000d5686270}> (0x00000000d5686270) 
thrown [s\src\hotspot\share\prims\jni.cpp, line 520]
Event: 94522.862 Thread 0x000001fb4a765970 Exception <a 'sun/nio/fs/WindowsException'{0x00000000d5687998}> (0x00000000d5687998) 
thrown [s\src\hotspot\share\prims\jni.cpp, line 520]
Event: 94522.862 Thread 0x000001fb4a765970 Exception <a 'sun/nio/fs/WindowsException'{0x00000000d5687fb0}> (0x00000000d5687fb0) 
thrown [s\src\hotspot\share\prims\jni.cpp, line 520]
Event: 94522.873 Thread 0x000001fb4a765970 Exception <a 'sun/nio/fs/WindowsException'{0x00000000d56a1b80}> (0x00000000d56a1b80) 
thrown [s\src\hotspot\share\prims\jni.cpp, line 520]
Event: 94522.874 Thread 0x000001fb4a765970 Exception <a 'sun/nio/fs/WindowsException'{0x00000000d56a2448}> (0x00000000d56a2448) 
thrown [s\src\hotspot\share\prims\jni.cpp, line 520]
Event: 94523.820 Thread 0x000001fb4c387060 Exception <a 'java/io/FileNotFoundException'{0x00000000d585cbb0}> (0x00000000d585cbb0) 
thrown [s\src\hotspot\share\prims\jni.cpp, line 520]
Event: 94524.158 Thread 0x000001fb4c387060 Exception <a 'java/lang/NoSuchMethodError'{0x00000000d5a07368}: 'java.lang.Object java.lang.invoke.DirectMethodHandle$Holder.invokeVirtual(java.lang.Object, java.lang.Object, java.lang.Object, java.lang.Object)'> (0x00000000d5a07368) 
thrown [s\src\hotspot\share\interpreter\linkResolver.cpp, line 773]
Event: 94524.226 Thread 0x000001fb4c38cc40 Exception <a 'java/lang/NoSuchMethodError'{0x00000000d57931e8}: 'java.lang.Object java.lang.invoke.DirectMethodHandle$Holder.invokeStatic(java.lang.Object, long, java.lang.Object, java.lang.Object)'> (0x00000000d57931e8) 
thrown [s\src\hotspot\share\interpreter\linkResolver.cpp, line 773]
Event: 94524.262 Thread 0x000001fb4c38cc40 Exception <a 'sun/nio/fs/WindowsException'{0x00000000d5868230}> (0x00000000d5868230) 
thrown [s\src\hotspot\share\prims\jni.cpp, line 520]
Event: 94524.262 Thread 0x000001fb4c38cc40 Exception <a 'sun/nio/fs/WindowsException'{0x00000000d5869288}> (0x00000000d5869288) 
thrown [s\src\hotspot\share\prims\jni.cpp, line 520]
Event: 94526.131 Thread 0x000001fb4c388410 Exception <a 'java/lang/NoSuchMethodError'{0x00000000d5597e18}: 'long java.lang.invoke.DelegatingMethodHandle$Holder.reinvoke_L(java.lang.Object, java.lang.Object)'> (0x00000000d5597e18) 
thrown [s\src\hotspot\share\interpreter\linkResolver.cpp, line 773]
Event: 94526.132 Thread 0x000001fb4c388410 Exception <a 'java/lang/NoSuchMethodError'{0x00000000d55a1ce0}: 'void java.lang.invoke.DelegatingMethodHandle$Holder.reinvoke_L(java.lang.Object, java.lang.Object, long)'> (0x00000000d55a1ce0) 
thrown [s\src\hotspot\share\interpreter\linkResolver.cpp, line 773]
Event: 94526.427 Thread 0x000001fb4c388410 Exception <a 'java/lang/NoSuchMethodError'{0x00000000d592c918}: 'long java.lang.invoke.Invokers$Holder.invokeExact_MT(java.lang.Object, java.lang.Object, java.lang.Object)'> (0x00000000d592c918) 
thrown [s\src\hotspot\share\interpreter\linkResolver.cpp, line 773]
Event: 94643.854 Thread 0x000001fb4a7680d0 Implicit null exception at 0x000001fb7890d96e to 0x000001fb7890efe0
Event: 94722.507 Thread 0x000001fb4a766d20 Exception <a 'java/lang/ClassNotFoundException'{0x00000000d580b4e8}: sun/net/www/protocol/jdt/Handler> (0x00000000d580b4e8) 
thrown [s\src\hotspot\share\classfile\systemDictionary.cpp, line 312]
Event: 94883.555 Thread 0x000001fb4a6ce250 Exception <a 'sun/nio/fs/WindowsException'{0x00000000d5a21308}> (0x00000000d5a21308) 
thrown [s\src\hotspot\share\prims\jni.cpp, line 520]

ZGC Phase Switch (0 events):
No events

VM Operations (20 events):
Event: 94882.340 Executing VM operation: ParallelGCFailedAllocation (Allocation Failure) done
Event: 94882.454 Executing VM operation: HandshakeAllThreads (Deoptimize)
Event: 94882.454 Executing VM operation: HandshakeAllThreads (Deoptimize) done
Event: 94882.487 Executing VM operation: ParallelGCFailedAllocation (Allocation Failure)
Event: 94882.493 Executing VM operation: ParallelGCFailedAllocation (Allocation Failure) done
Event: 94882.525 Executing VM operation: ParallelGCFailedAllocation (Allocation Failure)
Event: 94882.530 Executing VM operation: ParallelGCFailedAllocation (Allocation Failure) done
Event: 94882.669 Executing VM operation: ParallelGCFailedAllocation (Allocation Failure)
Event: 94882.672 Executing VM operation: ParallelGCFailedAllocation (Allocation Failure) done
Event: 94882.701 Executing VM operation: ParallelGCFailedAllocation (Allocation Failure)
Event: 94882.705 Executing VM operation: ParallelGCFailedAllocation (Allocation Failure) done
Event: 94883.580 Executing VM operation: ParallelGCFailedAllocation (Allocation Failure)
Event: 94883.586 Executing VM operation: ParallelGCFailedAllocation (Allocation Failure) done
Event: 94883.622 Executing VM operation: ParallelGCFailedAllocation (Allocation Failure)
Event: 94883.633 Executing VM operation: ParallelGCFailedAllocation (Allocation Failure) done
Event: 94883.724 Executing VM operation: ParallelGCFailedAllocation (Allocation Failure)
Event: 94883.756 Executing VM operation: ParallelGCFailedAllocation (Allocation Failure) done
Event: 94883.833 Executing VM operation: ParallelGCFailedAllocation (Allocation Failure)
Event: 94883.841 Executing VM operation: ParallelGCFailedAllocation (Allocation Failure) done
Event: 94883.888 Executing VM operation: ParallelGCFailedAllocation (Allocation Failure)

Memory protections (0 events):
No events

Nmethod flushes (20 events):
Event: 9323.522 Thread 0x000001fb7ff0fbd0 flushing  nmethod 0x000001fb7378f190
Event: 9702.064 Thread 0x000001fb7ff0fbd0 flushing  nmethod 0x000001fb79c6c090
Event: 9702.064 Thread 0x000001fb7ff0fbd0 flushing  nmethod 0x000001fb70d9e890
Event: 9702.064 Thread 0x000001fb7ff0fbd0 flushing  nmethod 0x000001fb70e19d90
Event: 9702.064 Thread 0x000001fb7ff0fbd0 flushing  nmethod 0x000001fb70fea390
Event: 9702.064 Thread 0x000001fb7ff0fbd0 flushing  nmethod 0x000001fb71328e90
Event: 9702.064 Thread 0x000001fb7ff0fbd0 flushing  nmethod 0x000001fb71378810
Event: 9702.064 Thread 0x000001fb7ff0fbd0 flushing  nmethod 0x000001fb716d4c90
Event: 9702.064 Thread 0x000001fb7ff0fbd0 flushing  nmethod 0x000001fb720f3f10
Event: 9702.064 Thread 0x000001fb7ff0fbd0 flushing osr nmethod 0x000001fb72157790
Event: 9702.064 Thread 0x000001fb7ff0fbd0 flushing  nmethod 0x000001fb7246b910
Event: 9702.064 Thread 0x000001fb7ff0fbd0 flushing  nmethod 0x000001fb72503b90
Event: 9702.064 Thread 0x000001fb7ff0fbd0 flushing  nmethod 0x000001fb726ae810
Event: 9702.064 Thread 0x000001fb7ff0fbd0 flushing osr nmethod 0x000001fb726cdb10
Event: 9702.064 Thread 0x000001fb7ff0fbd0 flushing  nmethod 0x000001fb728bbe90
Event: 9702.064 Thread 0x000001fb7ff0fbd0 flushing  nmethod 0x000001fb72945990
Event: 9702.064 Thread 0x000001fb7ff0fbd0 flushing  nmethod 0x000001fb72efed90
Event: 9702.064 Thread 0x000001fb7ff0fbd0 flushing  nmethod 0x000001fb72effc90
Event: 9702.064 Thread 0x000001fb7ff0fbd0 flushing  nmethod 0x000001fb72f0f990
Event: 9702.064 Thread 0x000001fb7ff0fbd0 flushing  nmethod 0x000001fb731c2310

Events (20 events):
Event: 94707.547 Thread 0x000001fb4c388410 Thread exited: 0x000001fb4c388410
Event: 94709.221 Thread 0x000001fb4c387060 Thread exited: 0x000001fb4c387060
Event: 94718.763 Thread 0x000001fb4a768760 Thread added: 0x000001fb4c38cc40
Event: 94719.880 Thread 0x000001fb4a769b10 Thread added: 0x000001fb4c387060
Event: 94752.210 Thread 0x000001fb4a7680d0 Thread added: 0x000001fb4c388aa0
Event: 94753.879 Thread 0x000001fb4c388aa0 Thread added: 0x000001fb4c3897c0
Event: 94753.882 Thread 0x000001fb4c388aa0 Thread added: 0x000001fb4cee3d10
Event: 94789.524 Thread 0x000001fb4a768760 Thread exited: 0x000001fb4a768760
Event: 94789.524 Thread 0x000001fb4c38cc40 Thread exited: 0x000001fb4c38cc40
Event: 94800.583 Thread 0x000001fb4a769b10 Thread added: 0x000001fb4cee0f20
Event: 94800.584 Thread 0x000001fb4cee0f20 Thread exited: 0x000001fb4cee0f20
Event: 94800.882 Thread 0x000001fb4a76aec0 Thread exited: 0x000001fb4a76aec0
Event: 94806.146 Thread 0x000001fb4c38dff0 Thread exited: 0x000001fb4c38dff0
Event: 94813.885 Thread 0x000001fb4cee3d10 Thread exited: 0x000001fb4cee3d10
Event: 94815.348 Thread 0x000001fb4c3897c0 Thread exited: 0x000001fb4c3897c0
Event: 94882.422 Thread 0x000001fb4cedfb70 Thread added: 0x000001fb4cee0f20
Event: 94882.424 Thread 0x000001fb4cee0f20 Thread exited: 0x000001fb4cee0f20
Event: 94883.416 Thread 0x000001fb4cedfb70 Thread added: 0x000001fb4cee0f20
Event: 94883.619 Thread 0x000001fb4c387060 Thread added: 0x000001fb4cedd410
Event: 94883.722 Thread 0x000001fb4c387060 Thread added: 0x000001fb4cede130


Dynamic libraries:
0x00007ff63efb0000 - 0x00007ff63efbe000 	c:\Users\Dhulmini\.vscode\extensions\redhat.java-1.44.0-win32-x64\jre\21.0.8-win32-x86_64\bin\java.exe
0x00007ff90b5f0000 - 0x00007ff90b7e8000 	C:\Windows\SYSTEM32\ntdll.dll
0x00007ff90abe0000 - 0x00007ff90aca2000 	C:\Windows\System32\KERNEL32.DLL
0x00007ff9092e0000 - 0x00007ff9095d7000 	C:\Windows\System32\KERNELBASE.dll
0x00007ff909140000 - 0x00007ff909240000 	C:\Windows\System32\ucrtbase.dll
0x00007ff8caee0000 - 0x00007ff8caef8000 	c:\Users\Dhulmini\.vscode\extensions\redhat.java-1.44.0-win32-x64\jre\21.0.8-win32-x86_64\bin\jli.dll
0x00007ff90b120000 - 0x00007ff90b2bd000 	C:\Windows\System32\USER32.dll
0x00007ff9095e0000 - 0x00007ff909602000 	C:\Windows\System32\win32u.dll
0x00007ff909720000 - 0x00007ff90974b000 	C:\Windows\System32\GDI32.dll
0x00007ff909020000 - 0x00007ff909139000 	C:\Windows\System32\gdi32full.dll
0x00007ff909240000 - 0x00007ff9092dd000 	C:\Windows\System32\msvcp_win.dll
0x00007ff8caec0000 - 0x00007ff8caede000 	c:\Users\Dhulmini\.vscode\extensions\redhat.java-1.44.0-win32-x64\jre\21.0.8-win32-x86_64\bin\VCRUNTIME140.dll
0x00007ff8fa820000 - 0x00007ff8faaba000 	C:\Windows\WinSxS\amd64_microsoft.windows.common-controls_6595b64144ccf1df_6.0.19041.5915_none_60b4b9d171f9c7c7\COMCTL32.dll
0x00007ff90b4a0000 - 0x00007ff90b53e000 	C:\Windows\System32\msvcrt.dll
0x00007ff909b50000 - 0x00007ff909b7f000 	C:\Windows\System32\IMM32.DLL
0x00007ff8e66f0000 - 0x00007ff8e66fc000 	c:\Users\Dhulmini\.vscode\extensions\redhat.java-1.44.0-win32-x64\jre\21.0.8-win32-x86_64\bin\vcruntime140_1.dll
0x00007ff8bb2b0000 - 0x00007ff8bb33d000 	c:\Users\Dhulmini\.vscode\extensions\redhat.java-1.44.0-win32-x64\jre\21.0.8-win32-x86_64\bin\msvcp140.dll
0x00007ff884c20000 - 0x00007ff8859b7000 	c:\Users\Dhulmini\.vscode\extensions\redhat.java-1.44.0-win32-x64\jre\21.0.8-win32-x86_64\bin\server\jvm.dll
0x00007ff90b2c0000 - 0x00007ff90b371000 	C:\Windows\System32\ADVAPI32.dll
0x00007ff90ad70000 - 0x00007ff90ae0f000 	C:\Windows\System32\sechost.dll
0x00007ff909b80000 - 0x00007ff909ca6000 	C:\Windows\System32\RPCRT4.dll
0x00007ff908f40000 - 0x00007ff908f67000 	C:\Windows\System32\bcrypt.dll
0x00007ff90b540000 - 0x00007ff90b5ab000 	C:\Windows\System32\WS2_32.dll
0x00007ff908ae0000 - 0x00007ff908b2b000 	C:\Windows\SYSTEM32\POWRPROF.dll
0x00007ff8fa190000 - 0x00007ff8fa1b7000 	C:\Windows\SYSTEM32\WINMM.dll
0x00007ff902260000 - 0x00007ff90226a000 	C:\Windows\SYSTEM32\VERSION.dll
0x00007ff908ac0000 - 0x00007ff908ad2000 	C:\Windows\SYSTEM32\UMPDC.dll
0x00007ff9074a0000 - 0x00007ff9074b2000 	C:\Windows\SYSTEM32\kernel.appcore.dll
0x00007ff8e4970000 - 0x00007ff8e497a000 	c:\Users\Dhulmini\.vscode\extensions\redhat.java-1.44.0-win32-x64\jre\21.0.8-win32-x86_64\bin\jimage.dll
0x00007ff9069c0000 - 0x00007ff906bc1000 	C:\Windows\SYSTEM32\DBGHELP.DLL
0x00007ff8f6000000 - 0x00007ff8f6034000 	C:\Windows\SYSTEM32\dbgcore.DLL
0x00007ff908de0000 - 0x00007ff908e62000 	C:\Windows\System32\bcryptPrimitives.dll
0x00007ff8e45f0000 - 0x00007ff8e45ff000 	c:\Users\Dhulmini\.vscode\extensions\redhat.java-1.44.0-win32-x64\jre\21.0.8-win32-x86_64\bin\instrument.dll
0x00007ff8caea0000 - 0x00007ff8caebf000 	c:\Users\Dhulmini\.vscode\extensions\redhat.java-1.44.0-win32-x64\jre\21.0.8-win32-x86_64\bin\java.dll
0x00007ff90a390000 - 0x00007ff90aafe000 	C:\Windows\System32\SHELL32.dll
0x00007ff906ce0000 - 0x00007ff907484000 	C:\Windows\SYSTEM32\windows.storage.dll
0x00007ff9097f0000 - 0x00007ff909b43000 	C:\Windows\System32\combase.dll
0x00007ff9085e0000 - 0x00007ff90860b000 	C:\Windows\SYSTEM32\Wldp.dll
0x00007ff90af20000 - 0x00007ff90afed000 	C:\Windows\System32\OLEAUT32.dll
0x00007ff909e60000 - 0x00007ff909f0d000 	C:\Windows\System32\SHCORE.dll
0x00007ff90ad10000 - 0x00007ff90ad6b000 	C:\Windows\System32\shlwapi.dll
0x00007ff908bb0000 - 0x00007ff908bd4000 	C:\Windows\SYSTEM32\profapi.dll
0x00007ff8cae80000 - 0x00007ff8cae98000 	c:\Users\Dhulmini\.vscode\extensions\redhat.java-1.44.0-win32-x64\jre\21.0.8-win32-x86_64\bin\zip.dll
0x00007ff8e42b0000 - 0x00007ff8e42c0000 	C:\Users\Dhulmini\.vscode\extensions\redhat.java-1.44.0-win32-x64\jre\21.0.8-win32-x86_64\bin\net.dll
0x00007ff8fb1a0000 - 0x00007ff8fb2aa000 	C:\Windows\SYSTEM32\WINHTTP.dll
0x00007ff908340000 - 0x00007ff9083aa000 	C:\Windows\system32\mswsock.dll
0x00007ff8cadc0000 - 0x00007ff8cadd6000 	C:\Users\Dhulmini\.vscode\extensions\redhat.java-1.44.0-win32-x64\jre\21.0.8-win32-x86_64\bin\nio.dll
0x00007ff8e3fe0000 - 0x00007ff8e3ff0000 	c:\Users\Dhulmini\.vscode\extensions\redhat.java-1.44.0-win32-x64\jre\21.0.8-win32-x86_64\bin\verify.dll
0x00007ff8c1de0000 - 0x00007ff8c1e25000 	C:\Users\Dhulmini\AppData\Roaming\Code\User\globalStorage\redhat.java\1.44.0\config_win\org.eclipse.equinox.launcher\org.eclipse.equinox.launcher.win32.win32.x86_64_1.2.1400.v20250730-1736\eclipse_11913.dll
0x00007ff90aff0000 - 0x00007ff90b11b000 	C:\Windows\System32\ole32.dll
0x00007ff908540000 - 0x00007ff908558000 	C:\Windows\SYSTEM32\CRYPTSP.dll
0x00007ff907c60000 - 0x00007ff907c98000 	C:\Windows\system32\rsaenh.dll
0x00007ff908b30000 - 0x00007ff908b5e000 	C:\Windows\SYSTEM32\USERENV.dll
0x00007ff908530000 - 0x00007ff90853c000 	C:\Windows\SYSTEM32\CRYPTBASE.dll
0x00007ff908020000 - 0x00007ff90805b000 	C:\Windows\SYSTEM32\IPHLPAPI.DLL
0x00007ff90a380000 - 0x00007ff90a388000 	C:\Windows\System32\NSI.dll
0x00007ff8c1a30000 - 0x00007ff8c1a79000 	C:\Users\Dhulmini\AppData\Local\Temp\jna--484176622\jna56992499103964726.dll
0x00007ff9097e0000 - 0x00007ff9097e8000 	C:\Windows\System32\PSAPI.DLL
0x00007ff8ff730000 - 0x00007ff8ff747000 	C:\Windows\SYSTEM32\dhcpcsvc6.DLL
0x00007ff9003b0000 - 0x00007ff9003cd000 	C:\Windows\SYSTEM32\dhcpcsvc.DLL
0x00007ff8e3f80000 - 0x00007ff8e3f8e000 	C:\Users\Dhulmini\.vscode\extensions\redhat.java-1.44.0-win32-x64\jre\21.0.8-win32-x86_64\bin\sunmscapi.dll
0x00007ff908c80000 - 0x00007ff908ddd000 	C:\Windows\System32\CRYPT32.dll
0x00007ff908650000 - 0x00007ff908677000 	C:\Windows\SYSTEM32\ncrypt.dll
0x00007ff908610000 - 0x00007ff90864b000 	C:\Windows\SYSTEM32\NTASN1.dll
0x00007ff908060000 - 0x00007ff90812a000 	C:\Windows\SYSTEM32\DNSAPI.dll
0x00007ff8fa180000 - 0x00007ff8fa18a000 	C:\Windows\System32\rasadhlp.dll
0x00007ff8fab30000 - 0x00007ff8fabb0000 	C:\Windows\System32\fwpuclnt.dll
0x00007ff8e3a10000 - 0x00007ff8e3a19000 	C:\Users\Dhulmini\.vscode\extensions\redhat.java-1.44.0-win32-x64\jre\21.0.8-win32-x86_64\bin\extnet.dll
0x00007ff8f8310000 - 0x00007ff8f8317000 	C:\Windows\system32\wshunix.dll

JVMTI agents:
c:\Users\Dhulmini\.vscode\extensions\redhat.java-1.44.0-win32-x64\lombok\lombok-1.18.39-4050.jar path:c:\Users\Dhulmini\.vscode\extensions\redhat.java-1.44.0-win32-x64\jre\21.0.8-win32-x86_64\bin\instrument.dll, loaded, initialized, instrumentlib options:none

dbghelp: loaded successfully - version: 4.0.5 - missing functions: none
symbol engine: initialized successfully - sym options: 0x614 - pdb path: .;c:\Users\Dhulmini\.vscode\extensions\redhat.java-1.44.0-win32-x64\jre\21.0.8-win32-x86_64\bin;C:\Windows\SYSTEM32;C:\Windows\WinSxS\amd64_microsoft.windows.common-controls_6595b64144ccf1df_6.0.19041.5915_none_60b4b9d171f9c7c7;c:\Users\Dhulmini\.vscode\extensions\redhat.java-1.44.0-win32-x64\jre\21.0.8-win32-x86_64\bin\server;C:\Users\Dhulmini\AppData\Roaming\Code\User\globalStorage\redhat.java\1.44.0\config_win\org.eclipse.equinox.launcher\org.eclipse.equinox.launcher.win32.win32.x86_64_1.2.1400.v20250730-1736;C:\Users\Dhulmini\AppData\Local\Temp\jna--484176622

VM Arguments:
jvm_args: --add-modules=ALL-SYSTEM --add-opens=java.base/java.util=ALL-UNNAMED --add-opens=java.base/java.lang=ALL-UNNAMED --add-opens=java.base/sun.nio.fs=ALL-UNNAMED -Declipse.application=org.eclipse.jdt.ls.core.id1 -Dosgi.bundles.defaultStartLevel=4 -Declipse.product=org.eclipse.jdt.ls.core.product -Djava.import.generatesMetadataFilesAtProjectRoot=false -DDetectVMInstallationsJob.disabled=true -Dfile.encoding=utf8 -XX:+UseParallelGC -XX:GCTimeRatio=4 -XX:AdaptiveSizePolicyWeight=90 -Dsun.zip.disableMemoryMapping=true -Xmx2G -Xms100m -Xlog:disable -javaagent:c:\Users\Dhulmini\.vscode\extensions\redhat.java-1.44.0-win32-x64\lombok\lombok-1.18.39-4050.jar -XX:+HeapDumpOnOutOfMemoryError -XX:HeapDumpPath=c:\Users\Dhulmini\AppData\Roaming\Code\User\workspaceStorage\3b37800f71301740954144dc5b3afdfa\redhat.java -Daether.dependencyCollector.impl=bf 
java_command: c:\Users\Dhulmini\.vscode\extensions\redhat.java-1.44.0-win32-x64\server\plugins\org.eclipse.equinox.launcher_1.7.0.v20250519-0528.jar -configuration c:\Users\Dhulmini\AppData\Roaming\Code\User\globalStorage\redhat.java\1.44.0\config_win -data c:\Users\Dhulmini\AppData\Roaming\Code\User\workspaceStorage\3b37800f71301740954144dc5b3afdfa\redhat.java\jdt_ws --pipe=\\.\pipe\lsp-bb069be0e256d4f72dba66981a8f3c5c-sock
java_class_path (initial): c:\Users\Dhulmini\.vscode\extensions\redhat.java-1.44.0-win32-x64\server\plugins\org.eclipse.equinox.launcher_1.7.0.v20250519-0528.jar
Launcher Type: SUN_STANDARD

[Global flags]
    uintx AdaptiveSizePolicyWeight                 = 90                                        {product} {command line}
     intx CICompilerCount                          = 3                                         {product} {ergonomic}
    uintx GCTimeRatio                              = 4                                         {product} {command line}
     bool HeapDumpOnOutOfMemoryError               = true                                   {manageable} {command line}
    ccstr HeapDumpPath                             = c:\Users\Dhulmini\AppData\Roaming\Code\User\workspaceStorage\3b37800f71301740954144dc5b3afdfa\redhat.java         {manageable} {command line}
   size_t InitialHeapSize                          = 104857600                                 {product} {command line}
   size_t MaxHeapSize                              = 2147483648                                {product} {command line}
   size_t MaxNewSize                               = 715653120                                 {product} {ergonomic}
   size_t MinHeapDeltaBytes                        = 524288                                    {product} {ergonomic}
   size_t MinHeapSize                              = 104857600                                 {product} {command line}
   size_t NewSize                                  = 34603008                                  {product} {ergonomic}
    uintx NonNMethodCodeHeapSize                   = 5832780                                {pd product} {ergonomic}
    uintx NonProfiledCodeHeapSize                  = 122912730                              {pd product} {ergonomic}
   size_t OldSize                                  = 70254592                                  {product} {ergonomic}
    uintx ProfiledCodeHeapSize                     = 122912730                              {pd product} {ergonomic}
    uintx ReservedCodeCacheSize                    = 251658240                              {pd product} {ergonomic}
     bool SegmentedCodeCache                       = true                                      {product} {ergonomic}
   size_t SoftMaxHeapSize                          = 2147483648                             {manageable} {ergonomic}
     bool UseCompressedOops                        = true                           {product lp64_product} {ergonomic}
     bool UseLargePagesIndividualAllocation        = false                                  {pd product} {ergonomic}
     bool UseParallelGC                            = true                                      {product} {command line}

Logging:
Log output configuration:
 #0: stdout all=off uptime,level,tags foldmultilines=false
 #1: stderr all=off uptime,level,tags foldmultilines=false

Environment Variables:
JAVA_HOME=C:\Program Files\Java\jdk-24
PATH=C:\Program Files\Common Files\Oracle\Java\javapath;C:\Windows\system32;C:\Windows;C:\Windows\System32\Wbem;C:\Windows\System32\WindowsPowerShell\v1.0\;C:\Windows\System32\OpenSSH\;C:\Program Files\Git\cmd;C:\Program Files\nodejs\;C:\Program Files\maven-mvnd-1.0.2-windows-amd64\bin;C:\Program Files (x86)\Microsoft SQL Server\160\Tools\Binn\;C:\Program Files\Microsoft SQL Server\160\Tools\Binn\;C:\Program Files\Microsoft SQL Server\Client SDK\ODBC\170\Tools\Binn\;C:\Program Files\Microsoft SQL Server\160\DTS\Binn\;C:\Program Files (x86)\Microsoft SQL Server\160\DTS\Binn\;C:\Users\Dhulmini\AppData\Local\Programs\Python\Python313\Scripts\;C:\Users\Dhulmini\AppData\Local\Programs\Python\Python313\;C:\Users\Dhulmini\AppData\Local\Microsoft\WindowsApps;C:\Users\Dhulmini\AppData\Local\Programs\Microsoft VS Code\bin;C:\Users\Dhulmini\AppData\Roaming\npm;C:\Users\Dhulmini\AppData\Local\JetBrains\IntelliJ IDEA 2025.1.1.1\bin;;C:\Program Files\JetBrains\WebStorm 2025.1.1\bin;;C:\Program Files\Java\jdk-24\bin;
USERNAME=Dhulmini
OS=Windows_NT
PROCESSOR_IDENTIFIER=Intel64 Family 6 Model 142 Stepping 9, GenuineIntel
TMP=C:\Users\Dhulmini\AppData\Local\Temp
TEMP=C:\Users\Dhulmini\AppData\Local\Temp




Periodic native trim disabled

---------------  S Y S T E M  ---------------

OS:
 Windows 10 , 64 bit Build 19041 (10.0.19041.5915)
OS uptime: 6 days 9:02 hours

CPU: total 4 (initial active 4) (2 cores per cpu, 2 threads per core) family 6 model 142 stepping 9 microcode 0xb4, cx8, cmov, fxsr, ht, mmx, 3dnowpref, sse, sse2, sse3, ssse3, sse4.1, sse4.2, popcnt, lzcnt, tsc, tscinvbit, avx, avx2, aes, erms, clmul, bmi1, bmi2, adx, fma, vzeroupper, clflush, clflushopt, rdtscp, f16c
Processor Information for the first 4 processors :
  Max Mhz: 2700, Current Mhz: 2700, Mhz Limit: 2700

Memory: 4k page, system-wide physical 12154M (425M free)
TotalPageFile size 25276M (AvailPageFile size 2219M)
current process WorkingSet (physical memory assigned to process): 849M, peak: 1763M
current process commit charge ("private bytes"): 1781M, peak: 1781M

vm_info: OpenJDK 64-Bit Server VM (21.0.8+9-LTS) for windows-amd64 JRE (21.0.8+9-LTS), built on 2025-07-15T00:00:00Z by "admin" with MS VC++ 17.7 (VS2022)

END.
